<?xml version="1.0" encoding="UTF-8"?>
<!-- Generated by org.testng.reporters.JUnitXMLReporter -->
<testsuite ignored="1" hostname="comunus-194" failures="0" tests="1" name="Suite Test1" time="43.489" errors="0" timestamp="26 Dec 2023 06:16:03 GMT">
  <testcase classname="com.absli.base.TestBase" name="@BeforeClass preSetup" time="39.167">
    <failure type="java.lang.ArrayIndexOutOfBoundsException" message="Index 3 out of bounds for length 3">
      <![CDATA[java.lang.ArrayIndexOutOfBoundsException: Index 3 out of bounds for length 3
	at com.absli.APIData.ApiData.CreatLead_AxisBank(ApiData.java:85)
	at com.absli.base.TestBase.initialization(TestBase.java:134)
	at com.absli.base.TestBase.preSetup(TestBase.java:154)
	at java.base/java.util.concurrent.FutureTask.run(FutureTask.java:317)
	at java.base/java.util.concurrent.ThreadPoolExecutor.runWorker(ThreadPoolExecutor.java:1144)
	at java.base/java.util.concurrent.ThreadPoolExecutor$Worker.run(ThreadPoolExecutor.java:642)
	at java.base/java.lang.Thread.run(Thread.java:1623)
... Removed 14 stack frames]]>
    </failure>
  </testcase> <!-- @BeforeClass preSetup -->
  <testcase classname="com.absli.base.TestBase" name="@BeforeMethod setUp" time="0.0">
    <skipped/>
  </testcase> <!-- @BeforeMethod setUp -->
  <testcase classname="com.absli.base.TestBase" name="@AfterTest endReport" time="0.0">
    <skipped/>
  </testcase> <!-- @AfterTest endReport -->
  <testcase classname="com.absli.testcases.EndtoEndProposerSame" name="CompletesameGMSA" time="0.0">
    <skipped/>
  </testcase> <!-- CompletesameGMSA -->
  <testcase classname="com.absli.testcases.EndtoEndProposerSame" name="CompletesameAIPA" time="0.0">
    <ignored/>
  </testcase> <!-- CompletesameAIPA -->
</testsuite> <!-- Suite Test1 -->
