<?xml version="1.0" encoding="UTF-8"?>
<!-- Generated by org.testng.reporters.JUnitXMLReporter -->
<testsuite ignored="9" hostname="comunus-194" failures="1" tests="1" name="Suite Test3" time="374.876" errors="0" timestamp="09 Nov 2023 05:05:37 GMT">
  <testcase classname="com.absli.testcases.EndtoEndProposerSame" name="CompletesamePSK2" time="318.496">
    <failure type="java.lang.NullPointerException" message="Cannot invoke &amp;quot;String.equalsIgnoreCase(String)&amp;quot; because the return value of &amp;quot;java.util.HashMap.get(Object)&amp;quot; is null">
      <![CDATA[java.lang.NullPointerException: Cannot invoke "String.equalsIgnoreCase(String)" because the return value of "java.util.HashMap.get(Object)" is null
	at Utils.EndToEndProSameJourney.gotoEndToEndSameJourney(EndToEndProSameJourney.java:318)
	at com.absli.testcases.EndtoEndProposerSame.CompletesamePSK2(EndtoEndProposerSame.java:168)
	at java.base/java.util.concurrent.FutureTask.run(FutureTask.java:317)
	at java.base/java.util.concurrent.ThreadPoolExecutor.runWorker(ThreadPoolExecutor.java:1144)
	at java.base/java.util.concurrent.ThreadPoolExecutor$Worker.run(ThreadPoolExecutor.java:642)
	at java.base/java.lang.Thread.run(Thread.java:1623)
... Removed 14 stack frames]]>
    </failure>
  </testcase> <!-- CompletesamePSK2 -->
  <testcase classname="com.absli.testcases.EndtoEndProposerSame" name="CompletesameASK" time="0.0">
    <ignored/>
  </testcase> <!-- CompletesameASK -->
  <testcase classname="com.absli.testcases.EndtoEndProposerSame" name="CompletesamePSK" time="0.0">
    <ignored/>
  </testcase> <!-- CompletesamePSK -->
  <testcase classname="com.absli.testcases.EndtoEndProposerSame" name="CompletesameGMStestV" time="0.0">
    <ignored/>
  </testcase> <!-- CompletesameGMStestV -->
  <testcase classname="com.absli.testcases.EndtoEndProposerSame" name="CompletesamePSK3" time="0.0">
    <ignored/>
  </testcase> <!-- CompletesamePSK3 -->
  <testcase classname="com.absli.testcases.EndtoEndProposerSame" name="CompletesamePSK1" time="0.0">
    <ignored/>
  </testcase> <!-- CompletesamePSK1 -->
  <testcase classname="com.absli.testcases.EndtoEndProposerSame" name="Completesame" time="0.0">
    <ignored/>
  </testcase> <!-- Completesame -->
  <testcase classname="com.absli.testcases.EndtoEndProposerSame" name="CompletesameDIGI" time="0.0">
    <ignored/>
  </testcase> <!-- CompletesameDIGI -->
  <testcase classname="com.absli.testcases.EndtoEndProposerSame" name="CompletesameSalaried" time="0.0">
    <ignored/>
  </testcase> <!-- CompletesameSalaried -->
  <testcase classname="com.absli.testcases.EndtoEndProposerSame" name="CompletesameCanser" time="0.0">
    <ignored/>
  </testcase> <!-- CompletesameCanser -->
</testsuite> <!-- Suite Test3 -->
